This file contains any messages produced by compilers while
running configure, to aid debugging if configure makes a mistake.

It was created by chillispot configure 1.0, which was
generated by GNU Autoconf 2.59.  Invocation command line was

  $ ./configure 

## --------- ##
## Platform. ##
## --------- ##

hostname = dbird
uname -m = i686
uname -r = 2.6.17-1.2145_FC5
uname -s = Linux
uname -v = #1 Sat Jul 1 13:03:45 EDT 2006

/usr/bin/uname -p = unknown
/bin/uname -X     = unknown

/bin/arch              = i686
/usr/bin/arch -k       = unknown
/usr/convex/getsysinfo = unknown
hostinfo               = unknown
/bin/machine           = unknown
/usr/bin/oslevel       = unknown
/bin/universe          = unknown

PATH: /opt/ora9/product/9.2/bin
PATH: /opt/ora9/product/9.2/bin
PATH: /opt/ora9/product/9.2/Apache/Apache/bin
PATH: /usr/java/jdk1.5.0_07/bin
PATH: /opt/ora9/product/9.2/bin
PATH: /opt/ora9/product/9.2/bin
PATH: /opt/ora9/product/9.2/Apache/Apache/bin
PATH: /usr/java/jdk1.5.0_07/bin
PATH: /usr/java/jdk1.5.0_04/bin
PATH: /usr/lib/qt-3.3/bin
PATH: /usr/kerberos/bin
PATH: /usr/local/bin
PATH: /usr/bin
PATH: /bin
PATH: /usr/X11R6/bin
PATH: /sbin
PATH: /usr/sbin
PATH: /usr/local/bin
PATH: /usr/local/sbin
PATH: /opt/freeradius/bin
PATH: /opt/freeradius/sbin
PATH: /usr/java/jdk1.5.0_07/bin
PATH: /opt/ant/bin
PATH: /home/dbird/dev/maven-1.0-rc4/bin
PATH: /home/dbird/bin
PATH: /sbin
PATH: /usr/sbin
PATH: /usr/local/bin
PATH: /usr/local/sbin
PATH: /opt/freeradius/bin
PATH: /opt/freeradius/sbin
PATH: /usr/java/jdk1.5.0_07/bin
PATH: /opt/ant/bin
PATH: /home/dbird/dev/maven-1.0-rc4/bin


## ----------- ##
## Core tests. ##
## ----------- ##

configure:1553: checking for a BSD-compatible install
configure:1608: result: /usr/bin/install -c
configure:1619: checking whether build environment is sane
configure:1662: result: yes
configure:1727: checking for gawk
configure:1743: found /usr/bin/gawk
configure:1753: result: gawk
configure:1763: checking whether make sets $(MAKE)
configure:1783: result: yes
configure:2002: checking for gcc
configure:2018: found /usr/bin/gcc
configure:2028: result: gcc
configure:2272: checking for C compiler version
configure:2275: gcc --version </dev/null >&5
gcc (GCC) 4.1.1 20060525 (Red Hat 4.1.1-1)
Copyright (C) 2006 Free Software Foundation, Inc.
This is free software; see the source for copying conditions.  There is NO
warranty; not even for MERCHANTABILITY or FITNESS FOR A PARTICULAR PURPOSE.

configure:2278: $? = 0
configure:2280: gcc -v </dev/null >&5
Using built-in specs.
Target: i386-redhat-linux
Configured with: ../configure --prefix=/usr --mandir=/usr/share/man --infodir=/usr/share/info --enable-shared --enable-threads=posix --enable-checking=release --with-system-zlib --enable-__cxa_atexit --disable-libunwind-exceptions --enable-libgcj-multifile --enable-languages=c,c++,objc,obj-c++,java,fortran,ada --enable-java-awt=gtk --disable-dssi --with-java-home=/usr/lib/jvm/java-1.4.2-gcj-1.4.2.0/jre --with-cpu=generic --host=i386-redhat-linux
Thread model: posix
gcc version 4.1.1 20060525 (Red Hat 4.1.1-1)
configure:2283: $? = 0
configure:2285: gcc -V </dev/null >&5
gcc: '-V' option must have argument
configure:2288: $? = 1
configure:2311: checking for C compiler default output file name
configure:2314: gcc    conftest.c  >&5
configure:2317: $? = 0
configure:2363: result: a.out
configure:2368: checking whether the C compiler works
configure:2374: ./a.out
configure:2377: $? = 0
configure:2394: result: yes
configure:2401: checking whether we are cross compiling
configure:2403: result: no
configure:2406: checking for suffix of executables
configure:2408: gcc -o conftest    conftest.c  >&5
configure:2411: $? = 0
configure:2436: result: 
configure:2442: checking for suffix of object files
configure:2463: gcc -c   conftest.c >&5
configure:2466: $? = 0
configure:2488: result: o
configure:2492: checking whether we are using the GNU C compiler
configure:2516: gcc -c   conftest.c >&5
configure:2522: $? = 0
configure:2526: test -z 
			 || test ! -s conftest.err
configure:2529: $? = 0
configure:2532: test -s conftest.o
configure:2535: $? = 0
configure:2548: result: yes
configure:2554: checking whether gcc accepts -g
configure:2575: gcc -c -g  conftest.c >&5
configure:2581: $? = 0
configure:2585: test -z 
			 || test ! -s conftest.err
configure:2588: $? = 0
configure:2591: test -s conftest.o
configure:2594: $? = 0
configure:2605: result: yes
configure:2622: checking for gcc option to accept ANSI C
configure:2692: gcc  -c -g -O2  conftest.c >&5
configure:2698: $? = 0
configure:2702: test -z 
			 || test ! -s conftest.err
configure:2705: $? = 0
configure:2708: test -s conftest.o
configure:2711: $? = 0
configure:2729: result: none needed
configure:2747: gcc -c -g -O2  conftest.c >&5
conftest.c:2: error: expected '=', ',', ';', 'asm' or '__attribute__' before 'me'
configure:2753: $? = 1
configure: failed program was:
| #ifndef __cplusplus
|   choke me
| #endif
configure:2897: checking for style of include used by make
configure:2925: result: GNU
configure:2953: checking dependency style of gcc
configure:3043: result: gcc3
configure:3140: checking build system type
configure:3158: result: i686-pc-linux-gnu
configure:3166: checking host system type
configure:3180: result: i686-pc-linux-gnu
configure:3188: checking for a sed that does not truncate output
configure:3242: result: /bin/sed
configure:3245: checking for egrep
configure:3255: result: grep -E
configure:3271: checking for ld used by gcc
configure:3338: result: /usr/bin/ld
configure:3347: checking if the linker (/usr/bin/ld) is GNU ld
configure:3362: result: yes
configure:3367: checking for /usr/bin/ld option to reload object files
configure:3374: result: -r
configure:3392: checking for BSD-compatible nm
configure:3434: result: /usr/bin/nm -B
configure:3438: checking whether ln -s works
configure:3442: result: yes
configure:3449: checking how to recognise dependent libraries
configure:3621: result: pass_all
configure:3835: checking how to run the C preprocessor
configure:3870: gcc -E  conftest.c
configure:3876: $? = 0
configure:3908: gcc -E  conftest.c
conftest.c:11:28: error: ac_nonexistent.h: No such file or directory
configure:3914: $? = 1
configure: failed program was:
| /* confdefs.h.  */
| 
| #define PACKAGE_NAME "chillispot"
| #define PACKAGE_TARNAME "chillispot"
| #define PACKAGE_VERSION "1.0"
| #define PACKAGE_STRING "chillispot 1.0"
| #define PACKAGE_BUGREPORT "bugs@chillispot.org"
| #define PACKAGE "chillispot"
| #define VERSION "1.0"
| /* end confdefs.h.  */
| #include <ac_nonexistent.h>
configure:3953: result: gcc -E
configure:3977: gcc -E  conftest.c
configure:3983: $? = 0
configure:4015: gcc -E  conftest.c
conftest.c:11:28: error: ac_nonexistent.h: No such file or directory
configure:4021: $? = 1
configure: failed program was:
| /* confdefs.h.  */
| 
| #define PACKAGE_NAME "chillispot"
| #define PACKAGE_TARNAME "chillispot"
| #define PACKAGE_VERSION "1.0"
| #define PACKAGE_STRING "chillispot 1.0"
| #define PACKAGE_BUGREPORT "bugs@chillispot.org"
| #define PACKAGE "chillispot"
| #define VERSION "1.0"
| /* end confdefs.h.  */
| #include <ac_nonexistent.h>
configure:4065: checking for ANSI C header files
configure:4090: gcc -c -g -O2  conftest.c >&5
configure:4096: $? = 0
configure:4100: test -z 
			 || test ! -s conftest.err
configure:4103: $? = 0
configure:4106: test -s conftest.o
configure:4109: $? = 0
configure:4198: gcc -o conftest -g -O2   conftest.c  >&5
conftest.c: In function 'main':
conftest.c:28: warning: incompatible implicit declaration of built-in function 'exit'
configure:4201: $? = 0
configure:4203: ./conftest
configure:4206: $? = 0
configure:4221: result: yes
configure:4245: checking for sys/types.h
configure:4261: gcc -c -g -O2  conftest.c >&5
configure:4267: $? = 0
configure:4271: test -z 
			 || test ! -s conftest.err
configure:4274: $? = 0
configure:4277: test -s conftest.o
configure:4280: $? = 0
configure:4291: result: yes
configure:4245: checking for sys/stat.h
configure:4261: gcc -c -g -O2  conftest.c >&5
configure:4267: $? = 0
configure:4271: test -z 
			 || test ! -s conftest.err
configure:4274: $? = 0
configure:4277: test -s conftest.o
configure:4280: $? = 0
configure:4291: result: yes
configure:4245: checking for stdlib.h
configure:4261: gcc -c -g -O2  conftest.c >&5
configure:4267: $? = 0
configure:4271: test -z 
			 || test ! -s conftest.err
configure:4274: $? = 0
configure:4277: test -s conftest.o
configure:4280: $? = 0
configure:4291: result: yes
configure:4245: checking for string.h
configure:4261: gcc -c -g -O2  conftest.c >&5
configure:4267: $? = 0
configure:4271: test -z 
			 || test ! -s conftest.err
configure:4274: $? = 0
configure:4277: test -s conftest.o
configure:4280: $? = 0
configure:4291: result: yes
configure:4245: checking for memory.h
configure:4261: gcc -c -g -O2  conftest.c >&5
configure:4267: $? = 0
configure:4271: test -z 
			 || test ! -s conftest.err
configure:4274: $? = 0
configure:4277: test -s conftest.o
configure:4280: $? = 0
configure:4291: result: yes
configure:4245: checking for strings.h
configure:4261: gcc -c -g -O2  conftest.c >&5
configure:4267: $? = 0
configure:4271: test -z 
			 || test ! -s conftest.err
configure:4274: $? = 0
configure:4277: test -s conftest.o
configure:4280: $? = 0
configure:4291: result: yes
configure:4245: checking for inttypes.h
configure:4261: gcc -c -g -O2  conftest.c >&5
configure:4267: $? = 0
configure:4271: test -z 
			 || test ! -s conftest.err
configure:4274: $? = 0
configure:4277: test -s conftest.o
configure:4280: $? = 0
configure:4291: result: yes
configure:4245: checking for stdint.h
configure:4261: gcc -c -g -O2  conftest.c >&5
configure:4267: $? = 0
configure:4271: test -z 
			 || test ! -s conftest.err
configure:4274: $? = 0
configure:4277: test -s conftest.o
configure:4280: $? = 0
configure:4291: result: yes
configure:4245: checking for unistd.h
configure:4261: gcc -c -g -O2  conftest.c >&5
configure:4267: $? = 0
configure:4271: test -z 
			 || test ! -s conftest.err
configure:4274: $? = 0
configure:4277: test -s conftest.o
configure:4280: $? = 0
configure:4291: result: yes
configure:4317: checking dlfcn.h usability
configure:4329: gcc -c -g -O2  conftest.c >&5
configure:4335: $? = 0
configure:4339: test -z 
			 || test ! -s conftest.err
configure:4342: $? = 0
configure:4345: test -s conftest.o
configure:4348: $? = 0
configure:4358: result: yes
configure:4362: checking dlfcn.h presence
configure:4372: gcc -E  conftest.c
configure:4378: $? = 0
configure:4398: result: yes
configure:4433: checking for dlfcn.h
configure:4440: result: yes
configure:4505: checking for g++
configure:4521: found /usr/bin/g++
configure:4531: result: g++
configure:4547: checking for C++ compiler version
configure:4550: g++ --version </dev/null >&5
g++ (GCC) 4.1.1 20060525 (Red Hat 4.1.1-1)
Copyright (C) 2006 Free Software Foundation, Inc.
This is free software; see the source for copying conditions.  There is NO
warranty; not even for MERCHANTABILITY or FITNESS FOR A PARTICULAR PURPOSE.

configure:4553: $? = 0
configure:4555: g++ -v </dev/null >&5
Using built-in specs.
Target: i386-redhat-linux
Configured with: ../configure --prefix=/usr --mandir=/usr/share/man --infodir=/usr/share/info --enable-shared --enable-threads=posix --enable-checking=release --with-system-zlib --enable-__cxa_atexit --disable-libunwind-exceptions --enable-libgcj-multifile --enable-languages=c,c++,objc,obj-c++,java,fortran,ada --enable-java-awt=gtk --disable-dssi --with-java-home=/usr/lib/jvm/java-1.4.2-gcj-1.4.2.0/jre --with-cpu=generic --host=i386-redhat-linux
Thread model: posix
gcc version 4.1.1 20060525 (Red Hat 4.1.1-1)
configure:4558: $? = 0
configure:4560: g++ -V </dev/null >&5
g++: '-V' option must have argument
configure:4563: $? = 1
configure:4566: checking whether we are using the GNU C++ compiler
configure:4590: g++ -c   conftest.cc >&5
configure:4596: $? = 0
configure:4600: test -z 
			 || test ! -s conftest.err
configure:4603: $? = 0
configure:4606: test -s conftest.o
configure:4609: $? = 0
configure:4622: result: yes
configure:4628: checking whether g++ accepts -g
configure:4649: g++ -c -g  conftest.cc >&5
configure:4655: $? = 0
configure:4659: test -z 
			 || test ! -s conftest.err
configure:4662: $? = 0
configure:4665: test -s conftest.o
configure:4668: $? = 0
configure:4679: result: yes
configure:4721: g++ -c -g -O2  conftest.cc >&5
configure:4727: $? = 0
configure:4731: test -z 
			 || test ! -s conftest.err
configure:4734: $? = 0
configure:4737: test -s conftest.o
configure:4740: $? = 0
configure:4766: g++ -c -g -O2  conftest.cc >&5
conftest.cc: In function 'int main()':
conftest.cc:26: error: 'exit' was not declared in this scope
configure:4772: $? = 1
configure: failed program was:
| /* confdefs.h.  */
| 
| #define PACKAGE_NAME "chillispot"
| #define PACKAGE_TARNAME "chillispot"
| #define PACKAGE_VERSION "1.0"
| #define PACKAGE_STRING "chillispot 1.0"
| #define PACKAGE_BUGREPORT "bugs@chillispot.org"
| #define PACKAGE "chillispot"
| #define VERSION "1.0"
| #define STDC_HEADERS 1
| #define HAVE_SYS_TYPES_H 1
| #define HAVE_SYS_STAT_H 1
| #define HAVE_STDLIB_H 1
| #define HAVE_STRING_H 1
| #define HAVE_MEMORY_H 1
| #define HAVE_STRINGS_H 1
| #define HAVE_INTTYPES_H 1
| #define HAVE_STDINT_H 1
| #define HAVE_UNISTD_H 1
| #define HAVE_DLFCN_H 1
| /* end confdefs.h.  */
| 
| int
| main ()
| {
| exit (42);
|   ;
|   return 0;
| }
configure:4721: g++ -c -g -O2  conftest.cc >&5
configure:4727: $? = 0
configure:4731: test -z 
			 || test ! -s conftest.err
configure:4734: $? = 0
configure:4737: test -s conftest.o
configure:4740: $? = 0
configure:4766: g++ -c -g -O2  conftest.cc >&5
configure:4772: $? = 0
configure:4776: test -z 
			 || test ! -s conftest.err
configure:4779: $? = 0
configure:4782: test -s conftest.o
configure:4785: $? = 0
configure:4810: checking dependency style of g++
configure:4900: result: gcc3
configure:4927: checking how to run the C++ preprocessor
configure:4958: g++ -E  conftest.cc
configure:4964: $? = 0
configure:4996: g++ -E  conftest.cc
conftest.cc:25:28: error: ac_nonexistent.h: No such file or directory
configure:5002: $? = 1
configure: failed program was:
| /* confdefs.h.  */
| 
| #define PACKAGE_NAME "chillispot"
| #define PACKAGE_TARNAME "chillispot"
| #define PACKAGE_VERSION "1.0"
| #define PACKAGE_STRING "chillispot 1.0"
| #define PACKAGE_BUGREPORT "bugs@chillispot.org"
| #define PACKAGE "chillispot"
| #define VERSION "1.0"
| #define STDC_HEADERS 1
| #define HAVE_SYS_TYPES_H 1
| #define HAVE_SYS_STAT_H 1
| #define HAVE_STDLIB_H 1
| #define HAVE_STRING_H 1
| #define HAVE_MEMORY_H 1
| #define HAVE_STRINGS_H 1
| #define HAVE_INTTYPES_H 1
| #define HAVE_STDINT_H 1
| #define HAVE_UNISTD_H 1
| #define HAVE_DLFCN_H 1
| #ifdef __cplusplus
| extern "C" void std::exit (int) throw (); using std::exit;
| #endif
| /* end confdefs.h.  */
| #include <ac_nonexistent.h>
configure:5041: result: g++ -E
configure:5065: g++ -E  conftest.cc
configure:5071: $? = 0
configure:5103: g++ -E  conftest.cc
conftest.cc:25:28: error: ac_nonexistent.h: No such file or directory
configure:5109: $? = 1
configure: failed program was:
| /* confdefs.h.  */
| 
| #define PACKAGE_NAME "chillispot"
| #define PACKAGE_TARNAME "chillispot"
| #define PACKAGE_VERSION "1.0"
| #define PACKAGE_STRING "chillispot 1.0"
| #define PACKAGE_BUGREPORT "bugs@chillispot.org"
| #define PACKAGE "chillispot"
| #define VERSION "1.0"
| #define STDC_HEADERS 1
| #define HAVE_SYS_TYPES_H 1
| #define HAVE_SYS_STAT_H 1
| #define HAVE_STDLIB_H 1
| #define HAVE_STRING_H 1
| #define HAVE_MEMORY_H 1
| #define HAVE_STRINGS_H 1
| #define HAVE_INTTYPES_H 1
| #define HAVE_STDINT_H 1
| #define HAVE_UNISTD_H 1
| #define HAVE_DLFCN_H 1
| #ifdef __cplusplus
| extern "C" void std::exit (int) throw (); using std::exit;
| #endif
| /* end confdefs.h.  */
| #include <ac_nonexistent.h>
configure:5206: checking for g77
configure:5222: found /usr/bin/g77
configure:5232: result: g77
configure:5247: checking for Fortran 77 compiler version
configure:5250: g77 --version </dev/null >&5
GNU Fortran (GCC 3.2.3 20030502 (Red Hat Linux 3.2.3-55.fc5)) 3.2.3 20030502 (Red Hat Linux 3.2.3-13)
Copyright (C) 2002 Free Software Foundation, Inc.

GNU Fortran comes with NO WARRANTY, to the extent permitted by law.
You may redistribute copies of GNU Fortran
under the terms of the GNU General Public License.
For more information about these matters, see the file named COPYING
or type the command `info -f g77 Copying'.
configure:5253: $? = 0
configure:5255: g77 -v </dev/null >&5
Reading specs from /usr/lib/gcc-lib/i386-redhat-linux/3.2.3/specs
Configured with: ../configure --prefix=/usr --mandir=/usr/share/man --infodir=/usr/share/info --enable-shared --enable-threads=posix --disable-checking --with-system-zlib --enable-__cxa_atexit --enable-languages=c,c++,f77 --disable-libgcj --host=i386-redhat-linux
Thread model: posix
gcc version 3.2.3 20030502 (Red Hat Linux 3.2.3-55.fc5)
configure:5258: $? = 0
configure:5260: g77 -V </dev/null >&5
g77: argument to `-V' missing
configure:5263: $? = 1
configure:5271: checking whether we are using the GNU Fortran 77 compiler
configure:5285: g77 -c  conftest.F >&5
configure:5291: $? = 0
configure:5295: test -z 
			 || test ! -s conftest.err
configure:5298: $? = 0
configure:5301: test -s conftest.o
configure:5304: $? = 0
configure:5317: result: yes
configure:5323: checking whether g77 accepts -g
configure:5335: g77 -c -g conftest.f >&5
configure:5341: $? = 0
configure:5345: test -z 
			 || test ! -s conftest.err
configure:5348: $? = 0
configure:5351: test -s conftest.o
configure:5354: $? = 0
configure:5366: result: yes
configure:5396: checking the maximum length of command line arguments
configure:5488: result: 32768
configure:5499: checking command to parse /usr/bin/nm -B output from gcc object
configure:5595: gcc -c -g -O2  conftest.c >&5
configure:5598: $? = 0
configure:5602: /usr/bin/nm -B conftest.o \| sed -n -e 's/^.*[ 	]\([ABCDGIRSTW][ABCDGIRSTW]*\)[ 	][ 	]*\([_A-Za-z][_A-Za-z0-9]*\)$/\1 \2 \2/p' \> conftest.nm
configure:5605: $? = 0
configure:5657: gcc -o conftest -g -O2   conftest.c conftstm.o >&5
configure:5660: $? = 0
configure:5698: result: ok
configure:5702: checking for objdir
configure:5717: result: .libs
configure:5807: checking for ar
configure:5823: found /usr/bin/ar
configure:5834: result: ar
configure:5887: checking for ranlib
configure:5903: found /usr/bin/ranlib
configure:5914: result: ranlib
configure:5967: checking for strip
configure:5983: found /usr/bin/strip
configure:5994: result: strip
configure:6281: checking if gcc static flag  works
configure:6309: result: yes
configure:6327: checking if gcc supports -fno-rtti -fno-exceptions
configure:6345: gcc -c -g -O2  -fno-rtti -fno-exceptions conftest.c >&5
cc1: warning: command line option "-fno-rtti" is valid for C++/ObjC++ but not for C
configure:6349: $? = 0
configure:6362: result: no
configure:6377: checking for gcc option to produce PIC
configure:6581: result: -fPIC
configure:6589: checking if gcc PIC flag -fPIC works
configure:6607: gcc -c -g -O2  -fPIC -DPIC conftest.c >&5
configure:6611: $? = 0
configure:6624: result: yes
configure:6648: checking if gcc supports -c -o file.o
configure:6669: gcc -c -g -O2  -o out/conftest2.o conftest.c >&5
configure:6673: $? = 0
configure:6695: result: yes
configure:6721: checking whether the gcc linker (/usr/bin/ld) supports shared libraries
configure:7616: result: yes
configure:7642: checking whether -lc should be explicitly linked in
configure:7647: gcc -c -g -O2  conftest.c >&5
configure:7650: $? = 0
configure:7664: gcc -shared conftest.o  -v -Wl,-soname -Wl,conftest -o conftest 2\>\&1 \| grep  -lc  \>/dev/null 2\>\&1
configure:7667: $? = 0
configure:7679: result: no
configure:7687: checking dynamic linker characteristics
configure:8250: result: GNU/Linux ld.so
configure:8254: checking how to hardcode library paths into programs
configure:8279: result: immediate
configure:8293: checking whether stripping libraries is possible
configure:8298: result: yes
configure:9128: checking if libtool supports shared libraries
configure:9130: result: yes
configure:9133: checking whether to build shared libraries
configure:9154: result: yes
configure:9157: checking whether to build static libraries
configure:9161: result: yes
configure:9253: creating libtool
configure:9831: checking for ld used by g++
configure:9898: result: /usr/bin/ld
configure:9907: checking if the linker (/usr/bin/ld) is GNU ld
configure:9922: result: yes
configure:9973: checking whether the g++ linker (/usr/bin/ld) supports shared libraries
configure:10860: result: yes
configure:10878: g++ -c -g -O2  conftest.cc >&5
configure:10881: $? = 0
configure:10977: checking for g++ option to produce PIC
configure:11245: result: -fPIC
configure:11253: checking if g++ PIC flag -fPIC works
configure:11271: g++ -c -g -O2  -fPIC -DPIC conftest.cc >&5
configure:11275: $? = 0
configure:11288: result: yes
configure:11312: checking if g++ supports -c -o file.o
configure:11333: g++ -c -g -O2  -o out/conftest2.o conftest.cc >&5
configure:11337: $? = 0
configure:11359: result: yes
configure:11385: checking whether the g++ linker (/usr/bin/ld) supports shared libraries
configure:11410: result: yes
configure:11481: checking dynamic linker characteristics
configure:12044: result: GNU/Linux ld.so
configure:12048: checking how to hardcode library paths into programs
configure:12073: result: immediate
configure:12087: checking whether stripping libraries is possible
configure:12092: result: yes
configure:13428: checking if libtool supports shared libraries
configure:13430: result: yes
configure:13433: checking whether to build shared libraries
configure:13453: result: yes
configure:13456: checking whether to build static libraries
configure:13460: result: yes
configure:13472: checking for g77 option to produce PIC
configure:13676: result: -fPIC
configure:13684: checking if g77 PIC flag -fPIC works
configure:13702: g77 -c -g -O2 -fPIC conftest.f >&5
configure:13706: $? = 0
configure:13719: result: yes
configure:13743: checking if g77 supports -c -o file.o
configure:13764: g77 -c -g -O2 -o out/conftest2.o conftest.f >&5
configure:13768: $? = 0
configure:13790: result: yes
configure:13816: checking whether the g77 linker (/usr/bin/ld) supports shared libraries
configure:14691: result: yes
configure:14762: checking dynamic linker characteristics
configure:15325: result: GNU/Linux ld.so
configure:15329: checking how to hardcode library paths into programs
configure:15354: result: immediate
configure:15368: checking whether stripping libraries is possible
configure:15373: result: yes
configure:19635: checking for ANSI C header files
configure:19791: result: yes
configure:19826: checking arpa/inet.h usability
configure:19838: gcc -c -g -O2  conftest.c >&5
configure:19844: $? = 0
configure:19848: test -z 
			 || test ! -s conftest.err
configure:19851: $? = 0
configure:19854: test -s conftest.o
configure:19857: $? = 0
configure:19867: result: yes
configure:19871: checking arpa/inet.h presence
configure:19881: gcc -E  conftest.c
configure:19887: $? = 0
configure:19907: result: yes
configure:19942: checking for arpa/inet.h
configure:19949: result: yes
configure:19826: checking fcntl.h usability
configure:19838: gcc -c -g -O2  conftest.c >&5
configure:19844: $? = 0
configure:19848: test -z 
			 || test ! -s conftest.err
configure:19851: $? = 0
configure:19854: test -s conftest.o
configure:19857: $? = 0
configure:19867: result: yes
configure:19871: checking fcntl.h presence
configure:19881: gcc -E  conftest.c
configure:19887: $? = 0
configure:19907: result: yes
configure:19942: checking for fcntl.h
configure:19949: result: yes
configure:19826: checking netdb.h usability
configure:19838: gcc -c -g -O2  conftest.c >&5
configure:19844: $? = 0
configure:19848: test -z 
			 || test ! -s conftest.err
configure:19851: $? = 0
configure:19854: test -s conftest.o
configure:19857: $? = 0
configure:19867: result: yes
configure:19871: checking netdb.h presence
configure:19881: gcc -E  conftest.c
configure:19887: $? = 0
configure:19907: result: yes
configure:19942: checking for netdb.h
configure:19949: result: yes
configure:19826: checking netinet/in.h usability
configure:19838: gcc -c -g -O2  conftest.c >&5
configure:19844: $? = 0
configure:19848: test -z 
			 || test ! -s conftest.err
configure:19851: $? = 0
configure:19854: test -s conftest.o
configure:19857: $? = 0
configure:19867: result: yes
configure:19871: checking netinet/in.h presence
configure:19881: gcc -E  conftest.c
configure:19887: $? = 0
configure:19907: result: yes
configure:19942: checking for netinet/in.h
configure:19949: result: yes
configure:19817: checking for stdint.h
configure:19822: result: yes
configure:19817: checking for stdlib.h
configure:19822: result: yes
configure:19817: checking for string.h
configure:19822: result: yes
configure:19826: checking sys/ioctl.h usability
configure:19838: gcc -c -g -O2  conftest.c >&5
configure:19844: $? = 0
configure:19848: test -z 
			 || test ! -s conftest.err
configure:19851: $? = 0
configure:19854: test -s conftest.o
configure:19857: $? = 0
configure:19867: result: yes
configure:19871: checking sys/ioctl.h presence
configure:19881: gcc -E  conftest.c
configure:19887: $? = 0
configure:19907: result: yes
configure:19942: checking for sys/ioctl.h
configure:19949: result: yes
configure:19826: checking sys/socket.h usability
configure:19838: gcc -c -g -O2  conftest.c >&5
configure:19844: $? = 0
configure:19848: test -z 
			 || test ! -s conftest.err
configure:19851: $? = 0
configure:19854: test -s conftest.o
configure:19857: $? = 0
configure:19867: result: yes
configure:19871: checking sys/socket.h presence
configure:19881: gcc -E  conftest.c
configure:19887: $? = 0
configure:19907: result: yes
configure:19942: checking for sys/socket.h
configure:19949: result: yes
configure:19826: checking sys/time.h usability
configure:19838: gcc -c -g -O2  conftest.c >&5
configure:19844: $? = 0
configure:19848: test -z 
			 || test ! -s conftest.err
configure:19851: $? = 0
configure:19854: test -s conftest.o
configure:19857: $? = 0
configure:19867: result: yes
configure:19871: checking sys/time.h presence
configure:19881: gcc -E  conftest.c
configure:19887: $? = 0
configure:19907: result: yes
configure:19942: checking for sys/time.h
configure:19949: result: yes
configure:19826: checking syslog.h usability
configure:19838: gcc -c -g -O2  conftest.c >&5
configure:19844: $? = 0
configure:19848: test -z 
			 || test ! -s conftest.err
configure:19851: $? = 0
configure:19854: test -s conftest.o
configure:19857: $? = 0
configure:19867: result: yes
configure:19871: checking syslog.h presence
configure:19881: gcc -E  conftest.c
configure:19887: $? = 0
configure:19907: result: yes
configure:19942: checking for syslog.h
configure:19949: result: yes
configure:19817: checking for unistd.h
configure:19822: result: yes
configure:19964: checking for an ANSI C-conforming const
configure:20031: gcc -c -g -O2  conftest.c >&5
configure:20037: $? = 0
configure:20041: test -z 
			 || test ! -s conftest.err
configure:20044: $? = 0
configure:20047: test -s conftest.o
configure:20050: $? = 0
configure:20061: result: yes
configure:20071: checking for mode_t
configure:20095: gcc -c -g -O2  conftest.c >&5
configure:20101: $? = 0
configure:20105: test -z 
			 || test ! -s conftest.err
configure:20108: $? = 0
configure:20111: test -s conftest.o
configure:20114: $? = 0
configure:20125: result: yes
configure:20137: checking whether time.h and sys/time.h may both be included
configure:20162: gcc -c -g -O2  conftest.c >&5
configure:20168: $? = 0
configure:20172: test -z 
			 || test ! -s conftest.err
configure:20175: $? = 0
configure:20178: test -s conftest.o
configure:20181: $? = 0
configure:20192: result: yes
configure:20204: checking for pid_t
configure:20228: gcc -c -g -O2  conftest.c >&5
configure:20234: $? = 0
configure:20238: test -z 
			 || test ! -s conftest.err
configure:20241: $? = 0
configure:20244: test -s conftest.o
configure:20247: $? = 0
configure:20258: result: yes
configure:20276: checking for unistd.h
configure:20281: result: yes
configure:20285: checking vfork.h usability
configure:20297: gcc -c -g -O2  conftest.c >&5
conftest.c:74:19: error: vfork.h: No such file or directory
configure:20303: $? = 1
configure: failed program was:
| /* confdefs.h.  */
| 
| #define PACKAGE_NAME "chillispot"
| #define PACKAGE_TARNAME "chillispot"
| #define PACKAGE_VERSION "1.0"
| #define PACKAGE_STRING "chillispot 1.0"
| #define PACKAGE_BUGREPORT "bugs@chillispot.org"
| #define PACKAGE "chillispot"
| #define VERSION "1.0"
| #define STDC_HEADERS 1
| #define HAVE_SYS_TYPES_H 1
| #define HAVE_SYS_STAT_H 1
| #define HAVE_STDLIB_H 1
| #define HAVE_STRING_H 1
| #define HAVE_MEMORY_H 1
| #define HAVE_STRINGS_H 1
| #define HAVE_INTTYPES_H 1
| #define HAVE_STDINT_H 1
| #define HAVE_UNISTD_H 1
| #define HAVE_DLFCN_H 1
| #ifdef __cplusplus
| extern "C" void std::exit (int) throw (); using std::exit;
| #endif
| #define STDC_HEADERS 1
| #define HAVE_ARPA_INET_H 1
| #define HAVE_FCNTL_H 1
| #define HAVE_NETDB_H 1
| #define HAVE_NETINET_IN_H 1
| #define HAVE_STDINT_H 1
| #define HAVE_STDLIB_H 1
| #define HAVE_STRING_H 1
| #define HAVE_SYS_IOCTL_H 1
| #define HAVE_SYS_SOCKET_H 1
| #define HAVE_SYS_TIME_H 1
| #define HAVE_SYSLOG_H 1
| #define HAVE_UNISTD_H 1
| #define TIME_WITH_SYS_TIME 1
| #define HAVE_UNISTD_H 1
| /* end confdefs.h.  */
| #include <stdio.h>
| #if HAVE_SYS_TYPES_H
| # include <sys/types.h>
| #endif
| #if HAVE_SYS_STAT_H
| # include <sys/stat.h>
| #endif
| #if STDC_HEADERS
| # include <stdlib.h>
| # include <stddef.h>
| #else
| # if HAVE_STDLIB_H
| #  include <stdlib.h>
| # endif
| #endif
| #if HAVE_STRING_H
| # if !STDC_HEADERS && HAVE_MEMORY_H
| #  include <memory.h>
| # endif
| # include <string.h>
| #endif
| #if HAVE_STRINGS_H
| # include <strings.h>
| #endif
| #if HAVE_INTTYPES_H
| # include <inttypes.h>
| #else
| # if HAVE_STDINT_H
| #  include <stdint.h>
| # endif
| #endif
| #if HAVE_UNISTD_H
| # include <unistd.h>
| #endif
| #include <vfork.h>
configure:20326: result: no
configure:20330: checking vfork.h presence
configure:20340: gcc -E  conftest.c
conftest.c:40:19: error: vfork.h: No such file or directory
configure:20346: $? = 1
configure: failed program was:
| /* confdefs.h.  */
| 
| #define PACKAGE_NAME "chillispot"
| #define PACKAGE_TARNAME "chillispot"
| #define PACKAGE_VERSION "1.0"
| #define PACKAGE_STRING "chillispot 1.0"
| #define PACKAGE_BUGREPORT "bugs@chillispot.org"
| #define PACKAGE "chillispot"
| #define VERSION "1.0"
| #define STDC_HEADERS 1
| #define HAVE_SYS_TYPES_H 1
| #define HAVE_SYS_STAT_H 1
| #define HAVE_STDLIB_H 1
| #define HAVE_STRING_H 1
| #define HAVE_MEMORY_H 1
| #define HAVE_STRINGS_H 1
| #define HAVE_INTTYPES_H 1
| #define HAVE_STDINT_H 1
| #define HAVE_UNISTD_H 1
| #define HAVE_DLFCN_H 1
| #ifdef __cplusplus
| extern "C" void std::exit (int) throw (); using std::exit;
| #endif
| #define STDC_HEADERS 1
| #define HAVE_ARPA_INET_H 1
| #define HAVE_FCNTL_H 1
| #define HAVE_NETDB_H 1
| #define HAVE_NETINET_IN_H 1
| #define HAVE_STDINT_H 1
| #define HAVE_STDLIB_H 1
| #define HAVE_STRING_H 1
| #define HAVE_SYS_IOCTL_H 1
| #define HAVE_SYS_SOCKET_H 1
| #define HAVE_SYS_TIME_H 1
| #define HAVE_SYSLOG_H 1
| #define HAVE_UNISTD_H 1
| #define TIME_WITH_SYS_TIME 1
| #define HAVE_UNISTD_H 1
| /* end confdefs.h.  */
| #include <vfork.h>
configure:20366: result: no
configure:20401: checking for vfork.h
configure:20408: result: no
configure:20426: checking for fork
configure:20483: gcc -o conftest -g -O2   conftest.c  >&5
conftest.c:64: warning: conflicting types for built-in function 'fork'
configure:20489: $? = 0
configure:20493: test -z 
			 || test ! -s conftest.err
configure:20496: $? = 0
configure:20499: test -s conftest
configure:20502: $? = 0
configure:20514: result: yes
configure:20426: checking for vfork
configure:20483: gcc -o conftest -g -O2   conftest.c  >&5
configure:20489: $? = 0
configure:20493: test -z 
			 || test ! -s conftest.err
configure:20496: $? = 0
configure:20499: test -s conftest
configure:20502: $? = 0
configure:20514: result: yes
configure:20525: checking for working fork
configure:20548: gcc -o conftest -g -O2   conftest.c  >&5
conftest.c: In function 'main':
conftest.c:10: warning: incompatible implicit declaration of built-in function 'exit'
configure:20551: $? = 0
configure:20553: ./conftest
configure:20556: $? = 0
configure:20570: result: yes
configure:20591: checking for working vfork
configure:20724: result: yes
configure:20756: checking whether gcc needs -traditional
configure:20798: result: no
configure:20810: checking for stdlib.h
configure:20815: result: yes
configure:20955: checking for GNU libc compatible malloc
configure:20984: gcc -o conftest -g -O2   conftest.c  >&5
configure:20987: $? = 0
configure:20989: ./conftest
configure:20992: $? = 0
configure:21006: result: yes
configure:21036: checking for working memcmp
configure:21084: gcc -o conftest -g -O2   conftest.c  >&5
configure:21087: $? = 0
configure:21089: ./conftest
configure:21092: $? = 0
configure:21106: result: yes
configure:21132: checking sys/select.h usability
configure:21144: gcc -c -g -O2  conftest.c >&5
configure:21150: $? = 0
configure:21154: test -z 
			 || test ! -s conftest.err
configure:21157: $? = 0
configure:21160: test -s conftest.o
configure:21163: $? = 0
configure:21173: result: yes
configure:21177: checking sys/select.h presence
configure:21187: gcc -E  conftest.c
configure:21193: $? = 0
configure:21213: result: yes
configure:21248: checking for sys/select.h
configure:21255: result: yes
configure:21123: checking for sys/socket.h
configure:21128: result: yes
configure:21268: checking types of arguments for select
configure:21301: gcc -c -g -O2  conftest.c >&5
configure:21307: $? = 0
configure:21311: test -z 
			 || test ! -s conftest.err
configure:21314: $? = 0
configure:21317: test -s conftest.o
configure:21320: $? = 0
configure:21336: result: int,fd_set *,struct timeval *
configure:21372: checking for gethostbyname
configure:21429: gcc -o conftest -g -O2   conftest.c  >&5
configure:21435: $? = 0
configure:21439: test -z 
			 || test ! -s conftest.err
configure:21442: $? = 0
configure:21445: test -s conftest
configure:21448: $? = 0
configure:21460: result: yes
configure:21372: checking for gettimeofday
configure:21429: gcc -o conftest -g -O2   conftest.c  >&5
configure:21435: $? = 0
configure:21439: test -z 
			 || test ! -s conftest.err
configure:21442: $? = 0
configure:21445: test -s conftest
configure:21448: $? = 0
configure:21460: result: yes
configure:21372: checking for inet_ntoa
configure:21429: gcc -o conftest -g -O2   conftest.c  >&5
configure:21435: $? = 0
configure:21439: test -z 
			 || test ! -s conftest.err
configure:21442: $? = 0
configure:21445: test -s conftest
configure:21448: $? = 0
configure:21460: result: yes
configure:21372: checking for memset
configure:21429: gcc -o conftest -g -O2   conftest.c  >&5
conftest.c:78: warning: conflicting types for built-in function 'memset'
configure:21435: $? = 0
configure:21439: test -z 
			 || test ! -s conftest.err
configure:21442: $? = 0
configure:21445: test -s conftest
configure:21448: $? = 0
configure:21460: result: yes
configure:21372: checking for select
configure:21429: gcc -o conftest -g -O2   conftest.c  >&5
configure:21435: $? = 0
configure:21439: test -z 
			 || test ! -s conftest.err
configure:21442: $? = 0
configure:21445: test -s conftest
configure:21448: $? = 0
configure:21460: result: yes
configure:21372: checking for socket
configure:21429: gcc -o conftest -g -O2   conftest.c  >&5
configure:21435: $? = 0
configure:21439: test -z 
			 || test ! -s conftest.err
configure:21442: $? = 0
configure:21445: test -s conftest
configure:21448: $? = 0
configure:21460: result: yes
configure:21372: checking for strdup
configure:21429: gcc -o conftest -g -O2   conftest.c  >&5
conftest.c:81: warning: conflicting types for built-in function 'strdup'
configure:21435: $? = 0
configure:21439: test -z 
			 || test ! -s conftest.err
configure:21442: $? = 0
configure:21445: test -s conftest
configure:21448: $? = 0
configure:21460: result: yes
configure:21372: checking for strerror
configure:21429: gcc -o conftest -g -O2   conftest.c  >&5
configure:21435: $? = 0
configure:21439: test -z 
			 || test ! -s conftest.err
configure:21442: $? = 0
configure:21445: test -s conftest
configure:21448: $? = 0
configure:21460: result: yes
configure:21372: checking for strstr
configure:21429: gcc -o conftest -g -O2   conftest.c  >&5
conftest.c:83: warning: conflicting types for built-in function 'strstr'
configure:21435: $? = 0
configure:21439: test -z 
			 || test ! -s conftest.err
configure:21442: $? = 0
configure:21445: test -s conftest
configure:21448: $? = 0
configure:21460: result: yes
configure:21372: checking for strtol
configure:21429: gcc -o conftest -g -O2   conftest.c  >&5
configure:21435: $? = 0
configure:21439: test -z 
			 || test ! -s conftest.err
configure:21442: $? = 0
configure:21445: test -s conftest
configure:21448: $? = 0
configure:21460: result: yes
configure:21589: creating ./config.status

## ---------------------- ##
## Running config.status. ##
## ---------------------- ##

This file was extended by chillispot config.status 1.0, which was
generated by GNU Autoconf 2.59.  Invocation command line was

  CONFIG_FILES    = 
  CONFIG_HEADERS  = 
  CONFIG_LINKS    = 
  CONFIG_COMMANDS = 
  $ ./config.status 

on dbird

config.status:717: creating Makefile
config.status:717: creating doc/Makefile
config.status:717: creating src/Makefile
config.status:717: creating chillispot.spec
config.status:821: creating config.h
config.status:1019: config.h is unchanged
config.status:1199: executing depfiles commands

## ---------------- ##
## Cache variables. ##
## ---------------- ##

ac_cv_build=i686-pc-linux-gnu
ac_cv_build_alias=i686-pc-linux-gnu
ac_cv_c_compiler_gnu=yes
ac_cv_c_const=yes
ac_cv_cxx_compiler_gnu=yes
ac_cv_env_CC_set=
ac_cv_env_CC_value=
ac_cv_env_CFLAGS_set=
ac_cv_env_CFLAGS_value=
ac_cv_env_CPPFLAGS_set=
ac_cv_env_CPPFLAGS_value=
ac_cv_env_CPP_set=
ac_cv_env_CPP_value=
ac_cv_env_CXXCPP_set=
ac_cv_env_CXXCPP_value=
ac_cv_env_CXXFLAGS_set=
ac_cv_env_CXXFLAGS_value=
ac_cv_env_CXX_set=
ac_cv_env_CXX_value=
ac_cv_env_F77_set=
ac_cv_env_F77_value=
ac_cv_env_FFLAGS_set=
ac_cv_env_FFLAGS_value=
ac_cv_env_LDFLAGS_set=
ac_cv_env_LDFLAGS_value=
ac_cv_env_build_alias_set=
ac_cv_env_build_alias_value=
ac_cv_env_host_alias_set=
ac_cv_env_host_alias_value=
ac_cv_env_target_alias_set=
ac_cv_env_target_alias_value=
ac_cv_exeext=
ac_cv_f77_compiler_gnu=yes
ac_cv_func_fork=yes
ac_cv_func_fork_works=yes
ac_cv_func_gethostbyname=yes
ac_cv_func_gettimeofday=yes
ac_cv_func_inet_ntoa=yes
ac_cv_func_malloc_0_nonnull=yes
ac_cv_func_memcmp_working=yes
ac_cv_func_memset=yes
ac_cv_func_select=yes
ac_cv_func_select_args='int,fd_set *,struct timeval *'
ac_cv_func_socket=yes
ac_cv_func_strdup=yes
ac_cv_func_strerror=yes
ac_cv_func_strstr=yes
ac_cv_func_strtol=yes
ac_cv_func_vfork=yes
ac_cv_func_vfork_works=yes
ac_cv_header_arpa_inet_h=yes
ac_cv_header_dlfcn_h=yes
ac_cv_header_fcntl_h=yes
ac_cv_header_inttypes_h=yes
ac_cv_header_memory_h=yes
ac_cv_header_netdb_h=yes
ac_cv_header_netinet_in_h=yes
ac_cv_header_stdc=yes
ac_cv_header_stdint_h=yes
ac_cv_header_stdlib_h=yes
ac_cv_header_string_h=yes
ac_cv_header_strings_h=yes
ac_cv_header_sys_ioctl_h=yes
ac_cv_header_sys_select_h=yes
ac_cv_header_sys_socket_h=yes
ac_cv_header_sys_stat_h=yes
ac_cv_header_sys_time_h=yes
ac_cv_header_sys_types_h=yes
ac_cv_header_syslog_h=yes
ac_cv_header_time=yes
ac_cv_header_unistd_h=yes
ac_cv_header_vfork_h=no
ac_cv_host=i686-pc-linux-gnu
ac_cv_host_alias=i686-pc-linux-gnu
ac_cv_objext=o
ac_cv_path_install='/usr/bin/install -c'
ac_cv_prog_AWK=gawk
ac_cv_prog_CPP='gcc -E'
ac_cv_prog_CXXCPP='g++ -E'
ac_cv_prog_ac_ct_AR=ar
ac_cv_prog_ac_ct_CC=gcc
ac_cv_prog_ac_ct_CXX=g++
ac_cv_prog_ac_ct_F77=g77
ac_cv_prog_ac_ct_RANLIB=ranlib
ac_cv_prog_ac_ct_STRIP=strip
ac_cv_prog_cc_g=yes
ac_cv_prog_cc_stdc=
ac_cv_prog_cxx_g=yes
ac_cv_prog_egrep='grep -E'
ac_cv_prog_f77_g=yes
ac_cv_prog_gcc_traditional=no
ac_cv_prog_make_make_set=yes
ac_cv_type_mode_t=yes
ac_cv_type_pid_t=yes
am_cv_CC_dependencies_compiler_type=gcc3
am_cv_CXX_dependencies_compiler_type=gcc3
lt_cv_deplibs_check_method=pass_all
lt_cv_file_magic_cmd='$MAGIC_CMD'
lt_cv_file_magic_test_file=
lt_cv_ld_reload_flag=-r
lt_cv_objdir=.libs
lt_cv_path_LD=/usr/bin/ld
lt_cv_path_LDCXX=/usr/bin/ld
lt_cv_path_NM='/usr/bin/nm -B'
lt_cv_path_SED=/bin/sed
lt_cv_prog_compiler_c_o=yes
lt_cv_prog_compiler_c_o_CXX=yes
lt_cv_prog_compiler_c_o_F77=yes
lt_cv_prog_compiler_rtti_exceptions=no
lt_cv_prog_gnu_ld=yes
lt_cv_prog_gnu_ldcxx=yes
lt_cv_sys_global_symbol_pipe='sed -n -e '\''s/^.*[ 	]\([ABCDGIRSTW][ABCDGIRSTW]*\)[ 	][ 	]*\([_A-Za-z][_A-Za-z0-9]*\)$/\1 \2 \2/p'\'''
lt_cv_sys_global_symbol_to_c_name_address='sed -n -e '\''s/^: \([^ ]*\) $/  {\"\1\", (lt_ptr) 0},/p'\'' -e '\''s/^[BCDEGRST] \([^ ]*\) \([^ ]*\)$/  {"\2", (lt_ptr) \&\2},/p'\'''
lt_cv_sys_global_symbol_to_cdecl='sed -n -e '\''s/^. .* \(.*\)$/extern int \1;/p'\'''
lt_cv_sys_max_cmd_len=32768
lt_lt_cv_prog_compiler_c_o='"yes"'
lt_lt_cv_prog_compiler_c_o_CXX='"yes"'
lt_lt_cv_prog_compiler_c_o_F77='"yes"'
lt_lt_cv_sys_global_symbol_pipe='"sed -n -e '\''s/^.*[ 	]\\([ABCDGIRSTW][ABCDGIRSTW]*\\)[ 	][ 	]*\\([_A-Za-z][_A-Za-z0-9]*\\)\$/\\1 \\2 \\2/p'\''"'
lt_lt_cv_sys_global_symbol_to_c_name_address='"sed -n -e '\''s/^: \\([^ ]*\\) \$/  {\\\"\\1\\\", (lt_ptr) 0},/p'\'' -e '\''s/^[BCDEGRST] \\([^ ]*\\) \\([^ ]*\\)\$/  {\"\\2\", (lt_ptr) \\&\\2},/p'\''"'
lt_lt_cv_sys_global_symbol_to_cdecl='"sed -n -e '\''s/^. .* \\(.*\\)\$/extern int \\1;/p'\''"'

## ----------------- ##
## Output variables. ##
## ----------------- ##

ACLOCAL='${SHELL} /home/dbird/cvs/cap/chillispot/coova-chilli/missing --run aclocal-1.9'
AMDEPBACKSLASH='\'
AMDEP_FALSE='#'
AMDEP_TRUE=''
AMTAR='${SHELL} /home/dbird/cvs/cap/chillispot/coova-chilli/missing --run tar'
AR='ar'
AUTOCONF='${SHELL} /home/dbird/cvs/cap/chillispot/coova-chilli/missing --run autoconf'
AUTOHEADER='${SHELL} /home/dbird/cvs/cap/chillispot/coova-chilli/missing --run autoheader'
AUTOMAKE='${SHELL} /home/dbird/cvs/cap/chillispot/coova-chilli/missing --run automake-1.9'
AWK='gawk'
CC='gcc'
CCDEPMODE='depmode=gcc3'
CFLAGS='-g -O2'
CPP='gcc -E'
CPPFLAGS=''
CXX='g++'
CXXCPP='g++ -E'
CXXDEPMODE='depmode=gcc3'
CXXFLAGS='-g -O2'
CYGPATH_W='echo'
DEFS='-DHAVE_CONFIG_H'
DEPDIR='.deps'
ECHO='echo'
ECHO_C=''
ECHO_N='-n'
ECHO_T=''
EGREP='grep -E'
EXEEXT=''
F77='g77'
FFLAGS='-g -O2'
INSTALL_DATA='${INSTALL} -m 644'
INSTALL_PROGRAM='${INSTALL}'
INSTALL_SCRIPT='${INSTALL}'
INSTALL_STRIP_PROGRAM='${SHELL} $(install_sh) -c -s'
LDFLAGS=''
LIBOBJS=''
LIBS=''
LIBTOOL='$(SHELL) $(top_builddir)/libtool'
LN_S='ln -s'
LTLIBOBJS=''
MAKEINFO='${SHELL} /home/dbird/cvs/cap/chillispot/coova-chilli/missing --run makeinfo'
OBJEXT='o'
PACKAGE='chillispot'
PACKAGE_BUGREPORT='bugs@chillispot.org'
PACKAGE_NAME='chillispot'
PACKAGE_STRING='chillispot 1.0'
PACKAGE_TARNAME='chillispot'
PACKAGE_VERSION='1.0'
PATH_SEPARATOR=':'
RANLIB='ranlib'
SET_MAKE=''
SHELL='/bin/sh'
STRIP='strip'
VERSION='1.0'
ac_ct_AR='ar'
ac_ct_CC='gcc'
ac_ct_CXX='g++'
ac_ct_F77='g77'
ac_ct_RANLIB='ranlib'
ac_ct_STRIP='strip'
am__fastdepCC_FALSE='#'
am__fastdepCC_TRUE=''
am__fastdepCXX_FALSE='#'
am__fastdepCXX_TRUE=''
am__include='include'
am__leading_dot='.'
am__quote=''
am__tar='${AMTAR} chof - "$$tardir"'
am__untar='${AMTAR} xf -'
bindir='${exec_prefix}/bin'
build='i686-pc-linux-gnu'
build_alias=''
build_cpu='i686'
build_os='linux-gnu'
build_vendor='pc'
datadir='${prefix}/share'
exec_prefix='${prefix}'
host='i686-pc-linux-gnu'
host_alias=''
host_cpu='i686'
host_os='linux-gnu'
host_vendor='pc'
includedir='${prefix}/include'
infodir='${prefix}/info'
install_sh='/home/dbird/cvs/cap/chillispot/coova-chilli/install-sh'
libdir='${exec_prefix}/lib'
libexecdir='${exec_prefix}/libexec'
localstatedir='${prefix}/var'
mandir='${prefix}/man'
mkdir_p='mkdir -p --'
oldincludedir='/usr/include'
prefix='/usr/local'
program_transform_name='s,x,x,'
sbindir='${exec_prefix}/sbin'
sharedstatedir='${prefix}/com'
sysconfdir='${prefix}/etc'
target_alias=''

## ----------- ##
## confdefs.h. ##
## ----------- ##

#define HAVE_ARPA_INET_H 1
#define HAVE_DLFCN_H 1
#define HAVE_FCNTL_H 1
#define HAVE_FORK 1
#define HAVE_GETHOSTBYNAME 1
#define HAVE_GETTIMEOFDAY 1
#define HAVE_INET_NTOA 1
#define HAVE_INTTYPES_H 1
#define HAVE_MALLOC 1
#define HAVE_MEMORY_H 1
#define HAVE_MEMSET 1
#define HAVE_NETDB_H 1
#define HAVE_NETINET_IN_H 1
#define HAVE_SELECT 1
#define HAVE_SOCKET 1
#define HAVE_STDINT_H 1
#define HAVE_STDINT_H 1
#define HAVE_STDLIB_H 1
#define HAVE_STDLIB_H 1
#define HAVE_STDLIB_H 1
#define HAVE_STRDUP 1
#define HAVE_STRERROR 1
#define HAVE_STRINGS_H 1
#define HAVE_STRING_H 1
#define HAVE_STRING_H 1
#define HAVE_STRSTR 1
#define HAVE_STRTOL 1
#define HAVE_SYSLOG_H 1
#define HAVE_SYS_IOCTL_H 1
#define HAVE_SYS_SELECT_H 1
#define HAVE_SYS_SOCKET_H 1
#define HAVE_SYS_SOCKET_H 1
#define HAVE_SYS_STAT_H 1
#define HAVE_SYS_TIME_H 1
#define HAVE_SYS_TYPES_H 1
#define HAVE_UNISTD_H 1
#define HAVE_UNISTD_H 1
#define HAVE_UNISTD_H 1
#define HAVE_VFORK 1
#define HAVE_WORKING_FORK 1
#define HAVE_WORKING_VFORK 1
#define PACKAGE "chillispot"
#define PACKAGE_BUGREPORT "bugs@chillispot.org"
#define PACKAGE_NAME "chillispot"
#define PACKAGE_STRING "chillispot 1.0"
#define PACKAGE_TARNAME "chillispot"
#define PACKAGE_VERSION "1.0"
#define SELECT_TYPE_ARG1 int
#define SELECT_TYPE_ARG234 (fd_set *)
#define SELECT_TYPE_ARG5 (struct timeval *)
#define STDC_HEADERS 1
#define STDC_HEADERS 1
#define TIME_WITH_SYS_TIME 1
#define VERSION "1.0"
#endif
#ifdef __cplusplus
extern "C" void std::exit (int) throw (); using std::exit;

configure: exit 0
